2025-09-29 20:44:51,913 - Command received from 151.101.0.223: ls
2025-09-29 20:44:58,172 - Ctrl + C pressed
2025-09-29 20:44:58,174 - Ctrl + C pressed
2025-09-29 20:44:58,174 - Ctrl + C pressed
2025-09-29 20:44:58,174 - Ctrl + C pressed
2025-09-29 20:44:58,175 - Ctrl + C pressed
2025-09-29 20:44:58,175 - Ctrl + C pressed
2025-09-29 20:44:58,175 - Ctrl + C pressed
2025-09-29 20:44:58,175 - Ctrl + C pressed
2025-09-29 20:44:58,176 - Ctrl + C pressed
2025-09-29 20:44:58,176 - Ctrl + C pressed
2025-09-29 20:44:58,176 - Ctrl + C pressed
2025-09-29 20:44:58,176 - Ctrl + C pressed
2025-09-29 20:45:00,134 - Ctrl + D pressed
2025-09-29 20:45:59,055 - Ctrl + C pressed
2025-09-29 20:46:39,148 - Ctrl + C pressed
2025-09-29 20:46:39,566 - Ctrl + D pressed
2025-09-29 20:47:31,490 - Ctrl + C pressed
2025-09-29 20:47:32,320 - Ctrl + D pressed
2025-09-29 20:47:50,188 - Ctrl + C pressed
2025-09-29 20:47:51,610 - Command received from 151.101.0.223: exit
2025-09-29 20:48:10,044 - Ctrl + C pressed
2025-09-29 20:48:10,570 - Ctrl + D pressed
2025-09-29 20:50:43,155 - Command received from 151.101.0.223: ls
2025-09-29 20:51:05,987 - Ctrl + D pressed
2025-09-29 20:59:14,375 - Command received from 151.101.0.223: ls
2025-09-29 20:59:37,863 - Backspace pressed
2025-09-29 20:59:37,997 - Backspace pressed
2025-09-29 20:59:38,108 - Backspace pressed
2025-09-29 20:59:38,248 - Backspace pressed
2025-09-29 20:59:40,972 - Command received from 151.101.0.223: ping google.com
2025-09-29 21:00:18,546 - Ctrl + D pressed
2025-09-29 21:19:35,849 - Ctrl + C pressed
2025-09-29 21:19:38,126 - Command received from 151.101.0.223: exit
